WARNING: A restricted method in java.lang.System has been called
WARNING: java.lang.System::load has been called by org.fusesource.jansi.internal.JansiLoader in an unnamed module (file:/C:/Users/LAPMART/apache-maven-3.9.5/lib/jansi-2.4.0.jar)
WARNING: Use --enable-native-access=ALL-UNNAMED to avoid a warning for callers in this module
WARNING: Restricted methods will be blocked in a future release unless native access is enabled

WARNING: A terminally deprecated method in sun.misc.Unsafe has been called
WARNING: sun.misc.Unsafe::objectFieldOffset has been called by com.google.common.util.concurrent.AbstractFuture$UnsafeAtomicHelper (file:/C:/Users/LAPMART/apache-maven-3.9.5/lib/guava-32.0.1-jre.jar)
WARNING: Please consider reporting this to the maintainers of class com.google.common.util.concurrent.AbstractFuture$UnsafeAtomicHelper
WARNING: sun.misc.Unsafe::objectFieldOffset will be removed in a future release
[INFO] Scanning for projects...
[INFO] 
[INFO] ----------------< com.ceylonmango:ceylon-mango-backend >----------------
[INFO] Building Ceylon Mango Backend 1.0.0
[INFO]   from pom.xml
[INFO] --------------------------------[ jar ]---------------------------------
[INFO] 
[INFO] --- clean:3.4.1:clean (default-clean) @ ceylon-mango-backend ---
[INFO] Deleting E:\mango\backend\target
[INFO] 
[INFO] --- resources:3.3.1:resources (default-resources) @ ceylon-mango-backend ---
[INFO] Copying 1 resource from src\main\resources to target\classes
[INFO] Copying 1 resource from src\main\resources to target\classes
[INFO] 
[INFO] --- compiler:3.14.0:compile (default-compile) @ ceylon-mango-backend ---
[INFO] Recompiling the module because of changed source code.
[INFO] Compiling 49 source files with javac [debug parameters release 23] to target\classes
[INFO] 
[INFO] >>> spring-boot:3.5.0:run (default-cli) > test-compile @ ceylon-mango-backend >>>
[INFO] 
[INFO] --- resources:3.3.1:resources (default-resources) @ ceylon-mango-backend ---
[INFO] Copying 1 resource from src\main\resources to target\classes
[INFO] Copying 1 resource from src\main\resources to target\classes
[INFO] 
[INFO] --- compiler:3.14.0:compile (default-compile) @ ceylon-mango-backend ---
[INFO] Nothing to compile - all classes are up to date.
[INFO] 
[INFO] --- resources:3.3.1:testResources (default-testResources) @ ceylon-mango-backend ---
[INFO] skip non existing resourceDirectory E:\mango\backend\src\test\resources
[INFO] 
[INFO] --- compiler:3.14.0:testCompile (default-testCompile) @ ceylon-mango-backend ---
[INFO] No sources to compile
[INFO] 
[INFO] <<< spring-boot:3.5.0:run (default-cli) < test-compile @ ceylon-mango-backend <<<
[INFO] 
[INFO] 
[INFO] --- spring-boot:3.5.0:run (default-cli) @ ceylon-mango-backend ---
[INFO] Attaching agents: []

  .   ____          _            __ _ _
 /\\ / ___'_ __ _ _(_)_ __  __ _ \ \ \ \
( ( )\___ | '_ | '_| | '_ \/ _` | \ \ \ \
 \\/  ___)| |_)| | | | | || (_| |  ) ) ) )
  '  |____| .__|_| |_|_| |_\__, | / / / /
 =========|_|==============|___/=/_/_/_/

 :: Spring Boot ::                (v3.5.0)

2026-04-05T11:09:02.719+05:30  INFO 29812 --- [           main] com.ceylonmango.CeylonMangoApplication   : Starting CeylonMangoApplication using Java 25.0.2 with PID 29812 (E:\mango\backend\target\classes started by LAPMART in E:\mango\backend)
2026-04-05T11:09:02.732+05:30  INFO 29812 --- [           main] com.ceylonmango.CeylonMangoApplication   : No active profile set, falling back to 1 default profile: "default"
2026-04-05T11:09:03.543+05:30  INFO 29812 --- [           main] .s.d.r.c.RepositoryConfigurationDelegate : Bootstrapping Spring Data JPA repositories in DEFAULT mode.
2026-04-05T11:09:03.621+05:30  INFO 29812 --- [           main] .s.d.r.c.RepositoryConfigurationDelegate : Finished Spring Data repository scanning in 67 ms. Found 6 JPA repository interfaces.
2026-04-05T11:09:04.173+05:30  INFO 29812 --- [           main] o.s.b.w.embedded.tomcat.TomcatWebServer  : Tomcat initialized with port 8080 (http)
2026-04-05T11:09:04.185+05:30  INFO 29812 --- [           main] o.apache.catalina.core.StandardService   : Starting service [Tomcat]
2026-04-05T11:09:04.186+05:30  INFO 29812 --- [           main] o.apache.catalina.core.StandardEngine    : Starting Servlet engine: [Apache Tomcat/10.1.41]
2026-04-05T11:09:04.231+05:30  INFO 29812 --- [           main] o.a.c.c.C.[Tomcat].[localhost].[/]       : Initializing Spring embedded WebApplicationContext
2026-04-05T11:09:04.232+05:30  INFO 29812 --- [           main] w.s.c.ServletWebServerApplicationContext : Root WebApplicationContext: initialization completed in 1403 ms
2026-04-05T11:09:04.439+05:30  INFO 29812 --- [           main] com.zaxxer.hikari.HikariDataSource       : HikariPool-1 - Starting...
2026-04-05T11:09:04.788+05:30  INFO 29812 --- [           main] com.zaxxer.hikari.pool.HikariPool        : HikariPool-1 - Added connection org.postgresql.jdbc.PgConnection@b5ac0c1
2026-04-05T11:09:04.790+05:30  INFO 29812 --- [           main] com.zaxxer.hikari.HikariDataSource       : HikariPool-1 - Start completed.
2026-04-05T11:09:04.830+05:30  INFO 29812 --- [           main] org.flywaydb.core.FlywayExecutor         : Database: jdbc:postgresql://localhost:5432/ceylon_mango (PostgreSQL 18.1)
2026-04-05T11:09:04.844+05:30  WARN 29812 --- [           main] o.f.c.internal.database.base.Database    : Flyway upgrade recommended: PostgreSQL 18.1 is newer than this version of Flyway and support has not been tested. The latest supported version of PostgreSQL is 17.
2026-04-05T11:09:04.879+05:30  INFO 29812 --- [           main] o.f.c.i.s.JdbcTableSchemaHistory         : Schema history table "public"."flyway_schema_history" does not exist yet
2026-04-05T11:09:04.881+05:30  INFO 29812 --- [           main] o.f.core.internal.command.DbValidate     : Successfully validated 1 migration (execution time 00:00.022s)
2026-04-05T11:09:04.908+05:30  INFO 29812 --- [           main] o.f.c.i.s.JdbcTableSchemaHistory         : Creating Schema History table "public"."flyway_schema_history" with baseline ...
2026-04-05T11:09:05.088+05:30  INFO 29812 --- [           main] o.f.core.internal.command.DbBaseline     : Successfully baselined schema with version: 1
2026-04-05T11:09:05.118+05:30  INFO 29812 --- [           main] o.f.core.internal.command.DbMigrate      : Current version of schema "public": 1
2026-04-05T11:09:05.127+05:30  INFO 29812 --- [           main] o.f.core.internal.command.DbMigrate      : Schema "public" is up to date. No migration necessary.
2026-04-05T11:09:05.312+05:30  INFO 29812 --- [           main] o.hibernate.jpa.internal.util.LogHelper  : HHH000204: Processing PersistenceUnitInfo [name: default]
2026-04-05T11:09:05.416+05:30  INFO 29812 --- [           main] org.hibernate.Version                    : HHH000412: Hibernate ORM core version 6.6.15.Final
2026-04-05T11:09:05.473+05:30  INFO 29812 --- [           main] o.h.c.internal.RegionFactoryInitiator    : HHH000026: Second-level cache disabled
2026-04-05T11:09:05.860+05:30  INFO 29812 --- [           main] o.s.o.j.p.SpringPersistenceUnitInfo      : No LoadTimeWeaver setup: ignoring JPA class transformer
2026-04-05T11:09:05.960+05:30  INFO 29812 --- [           main] org.hibernate.orm.connections.pooling    : HHH10001005: Database info:
	Database JDBC URL [Connecting through datasource 'HikariDataSource (HikariPool-1)']
	Database driver: undefined/unknown
	Database version: 18.1
	Autocommit mode: undefined/unknown
	Isolation level: undefined/unknown
	Minimum pool size: undefined/unknown
	Maximum pool size: undefined/unknown
2026-04-05T11:09:06.847+05:30  INFO 29812 --- [           main] o.h.e.t.j.p.i.JtaPlatformInitiator       : HHH000489: No JTA platform available (set 'hibernate.transaction.jta.platform' to enable JTA platform integration)
2026-04-05T11:09:06.878+05:30  INFO 29812 --- [           main] j.LocalContainerEntityManagerFactoryBean : Initialized JPA EntityManagerFactory for persistence unit 'default'
2026-04-05T11:09:07.219+05:30  INFO 29812 --- [           main] r$InitializeUserDetailsManagerConfigurer : Global AuthenticationManager configured with UserDetailsService bean with name customUserDetailsService
2026-04-05T11:09:07.328+05:30  INFO 29812 --- [           main] o.s.d.j.r.query.QueryEnhancerFactory     : Hibernate is in classpath; If applicable, HQL parser will be used.
2026-04-05T11:09:08.510+05:30  INFO 29812 --- [           main] o.s.b.w.embedded.tomcat.TomcatWebServer  : Tomcat started on port 8080 (http) with context path '/'
2026-04-05T11:09:08.519+05:30  INFO 29812 --- [           main] com.ceylonmango.CeylonMangoApplication   : Started CeylonMangoApplication in 6.286 seconds (process running for 6.723)
2026-04-05T11:18:23.305+05:30  INFO 29812 --- [nio-8080-exec-1] o.a.c.c.C.[Tomcat].[localhost].[/]       : Initializing Spring DispatcherServlet 'dispatcherServlet'
2026-04-05T11:18:23.307+05:30  INFO 29812 --- [nio-8080-exec-1] o.s.web.servlet.DispatcherServlet        : Initializing Servlet 'dispatcherServlet'
2026-04-05T11:18:23.309+05:30  INFO 29812 --- [nio-8080-exec-1] o.s.web.servlet.DispatcherServlet        : Completed initialization in 2 ms
Hibernate: 
    select
        p1_0.id,
        p1_0.category,
        p1_0.created_at,
        p1_0.description,
        p1_0.featured,
        p1_0.image_url,
        p1_0.in_stock,
        p1_0.name,
        p1_0.original_price,
        p1_0.price,
        p1_0.rating,
        p1_0.reviews,
        p1_0.sales,
        p1_0.stock,
        p1_0.weight 
    from
        products p1_0
Hibernate: 
    select
        i1_0.product_id,
        i1_0.image_url 
    from
        product_images i1_0 
    where
        i1_0.product_id=?
Hibernate: 
    select
        i1_0.product_id,
        i1_0.image_url 
    from
        product_images i1_0 
    where
        i1_0.product_id=?
Hibernate: 
    select
        i1_0.product_id,
        i1_0.image_url 
    from
        product_images i1_0 
    where
        i1_0.product_id=?
Hibernate: 
    select
        i1_0.product_id,
        i1_0.image_url 
    from
        product_images i1_0 
    where
        i1_0.product_id=?
Hibernate: 
    select
        i1_0.product_id,
        i1_0.image_url 
    from
        product_images i1_0 
    where
        i1_0.product_id=?
Hibernate: 
    select
        i1_0.product_id,
        i1_0.image_url 
    from
        product_images i1_0 
    where
        i1_0.product_id=?
Hibernate: 
    select
        i1_0.product_id,
        i1_0.image_url 
    from
        product_images i1_0 
    where
        i1_0.product_id=?
Hibernate: 
    select
        i1_0.product_id,
        i1_0.image_url 
    from
        product_images i1_0 
    where
        i1_0.product_id=?
Hibernate: 
    select
        i1_0.product_id,
        i1_0.image_url 
    from
        product_images i1_0 
    where
        i1_0.product_id=?
Hibernate: 
    select
        i1_0.product_id,
        i1_0.image_url 
    from
        product_images i1_0 
    where
        i1_0.product_id=?
Hibernate: 
    select
        i1_0.product_id,
        i1_0.image_url 
    from
        product_images i1_0 
    where
        i1_0.product_id=?
Hibernate: 
    select
        i1_0.product_id,
        i1_0.image_url 
    from
        product_images i1_0 
    where
        i1_0.product_id=?
Hibernate: 
    select
        i1_0.product_id,
        i1_0.image_url 
    from
        product_images i1_0 
    where
        i1_0.product_id=?
Hibernate: 
    select
        i1_0.product_id,
        i1_0.image_url 
    from
        product_images i1_0 
    where
        i1_0.product_id=?
Hibernate: 
    select
        i1_0.product_id,
        i1_0.image_url 
    from
        product_images i1_0 
    where
        i1_0.product_id=?
^C