[INFO] Scanning for projects...
[INFO] 
[INFO] ----------------< com.ceylonmango:ceylon-mango-backend >----------------
[INFO] Building Ceylon Mango Backend 1.0.0
[INFO]   from pom.xml
[INFO] --------------------------------[ jar ]---------------------------------
[INFO] 
[INFO] --- resources:3.3.1:resources (default-resources) @ ceylon-mango-backend ---
[INFO] Copying 1 resource from src\main\resources to target\classes
[INFO] Copying 1 resource from src\main\resources to target\classes
[INFO] 
[INFO] --- compiler:3.11.0:compile (default-compile) @ ceylon-mango-backend ---
[INFO] Changes detected - recompiling the module! :source
[INFO] Compiling 47 source files with javac [debug release 17] to target\classes
[INFO] Some messages have been simplified; recompile with -Xdiags:verbose to get full output
[INFO] -------------------------------------------------------------
[ERROR] COMPILATION ERROR : 
[INFO] -------------------------------------------------------------
[ERROR] /E:/mango/backend/src/main/java/com/ceylonmango/security/JwtAuthenticationFilter.java:[22,36] variable tokenProvider not initialized in the default constructor
[ERROR] /E:/mango/backend/src/main/java/com/ceylonmango/security/JwtAuthenticationFilter.java:[23,44] variable userDetailsService not initialized in the default constructor
[ERROR] /E:/mango/backend/src/main/java/com/ceylonmango/security/CustomUserDetailsService.java:[24,21] cannot find symbol
  symbol:   method getEmail()
  location: variable user of type com.ceylonmango.model.User
[ERROR] /E:/mango/backend/src/main/java/com/ceylonmango/security/CustomUserDetailsService.java:[25,21] cannot find symbol
  symbol:   method getPassword()
  location: variable user of type com.ceylonmango.model.User
[ERROR] /E:/mango/backend/src/main/java/com/ceylonmango/security/CustomUserDetailsService.java:[27,66] cannot find symbol
  symbol:   method getRole()
  location: variable user of type com.ceylonmango.model.User
[ERROR] /E:/mango/backend/src/main/java/com/ceylonmango/service/AuthService.java:[24,49] cannot find symbol
  symbol:   method getEmail()
  location: variable request of type com.ceylonmango.dto.RegisterRequest
[ERROR] /E:/mango/backend/src/main/java/com/ceylonmango/service/AuthService.java:[28,25] cannot find symbol
  symbol:   method builder()
  location: class com.ceylonmango.model.User
[ERROR] /E:/mango/backend/src/main/java/com/ceylonmango/service/AuthService.java:[29,30] cannot find symbol
  symbol:   method getName()
  location: variable request of type com.ceylonmango.dto.RegisterRequest
[ERROR] /E:/mango/backend/src/main/java/com/ceylonmango/service/AuthService.java:[30,31] cannot find symbol
  symbol:   method getEmail()
  location: variable request of type com.ceylonmango.dto.RegisterRequest
[ERROR] /E:/mango/backend/src/main/java/com/ceylonmango/service/AuthService.java:[31,57] cannot find symbol
  symbol:   method getPassword()
  location: variable request of type com.ceylonmango.dto.RegisterRequest
[ERROR] /E:/mango/backend/src/main/java/com/ceylonmango/service/AuthService.java:[37,65] cannot find symbol
  symbol:   method getEmail()
  location: variable user of type com.ceylonmango.model.User
[ERROR] /E:/mango/backend/src/main/java/com/ceylonmango/service/AuthService.java:[44,32] cannot find symbol
  symbol:   method getEmail()
  location: variable request of type com.ceylonmango.dto.AuthRequest
[ERROR] /E:/mango/backend/src/main/java/com/ceylonmango/service/AuthService.java:[44,52] cannot find symbol
  symbol:   method getPassword()
  location: variable request of type com.ceylonmango.dto.AuthRequest
[ERROR] /E:/mango/backend/src/main/java/com/ceylonmango/service/AuthService.java:[51,55] cannot find symbol
  symbol:   method getEmail()
  location: variable request of type com.ceylonmango.dto.AuthRequest
[ERROR] /E:/mango/backend/src/main/java/com/ceylonmango/service/AuthService.java:[60,55] cannot find symbol
  symbol:   method getEmail()
  location: variable request of type com.ceylonmango.dto.AuthRequest
[ERROR] /E:/mango/backend/src/main/java/com/ceylonmango/service/AuthService.java:[63,17] cannot find symbol
  symbol:   method getRole()
  location: variable user of type com.ceylonmango.model.User
[ERROR] /E:/mango/backend/src/main/java/com/ceylonmango/service/AuthService.java:[79,20] cannot find symbol
  symbol:   method getName()
  location: variable request of type com.ceylonmango.dto.UpdateProfileRequest
[ERROR] /E:/mango/backend/src/main/java/com/ceylonmango/service/AuthService.java:[79,60] cannot find symbol
  symbol:   method getName()
  location: variable request of type com.ceylonmango.dto.UpdateProfileRequest
[ERROR] /E:/mango/backend/src/main/java/com/ceylonmango/service/AuthService.java:[80,20] cannot find symbol
  symbol:   method getPhone()
  location: variable request of type com.ceylonmango.dto.UpdateProfileRequest
[ERROR] /E:/mango/backend/src/main/java/com/ceylonmango/service/AuthService.java:[80,62] cannot find symbol
  symbol:   method getPhone()
  location: variable request of type com.ceylonmango.dto.UpdateProfileRequest
[ERROR] /E:/mango/backend/src/main/java/com/ceylonmango/service/AuthService.java:[81,20] cannot find symbol
  symbol:   method getAddress()
  location: variable request of type com.ceylonmango.dto.UpdateProfileRequest
[ERROR] /E:/mango/backend/src/main/java/com/ceylonmango/service/AuthService.java:[81,66] cannot find symbol
  symbol:   method getAddress()
  location: variable request of type com.ceylonmango.dto.UpdateProfileRequest
[ERROR] /E:/mango/backend/src/main/java/com/ceylonmango/dto/UserDto.java:[20,23] cannot find symbol
  symbol:   method builder()
  location: class com.ceylonmango.dto.UserDto
[ERROR] /E:/mango/backend/src/main/java/com/ceylonmango/dto/UserDto.java:[21,25] cannot find symbol
  symbol:   method getId()
  location: variable user of type com.ceylonmango.model.User
[ERROR] /E:/mango/backend/src/main/java/com/ceylonmango/dto/UserDto.java:[22,27] cannot find symbol
  symbol:   method getName()
  location: variable user of type com.ceylonmango.model.User
[ERROR] /E:/mango/backend/src/main/java/com/ceylonmango/dto/UserDto.java:[23,28] cannot find symbol
  symbol:   method getEmail()
  location: variable user of type com.ceylonmango.model.User
[ERROR] /E:/mango/backend/src/main/java/com/ceylonmango/dto/UserDto.java:[24,27] cannot find symbol
  symbol:   method getRole()
  location: variable user of type com.ceylonmango.model.User
[ERROR] /E:/mango/backend/src/main/java/com/ceylonmango/dto/UserDto.java:[25,28] cannot find symbol
  symbol:   method getPhone()
  location: variable user of type com.ceylonmango.model.User
[ERROR] /E:/mango/backend/src/main/java/com/ceylonmango/dto/UserDto.java:[26,30] cannot find symbol
  symbol:   method getAddress()
  location: variable user of type com.ceylonmango.model.User
[ERROR] /E:/mango/backend/src/main/java/com/ceylonmango/dto/UserDto.java:[27,29] cannot find symbol
  symbol:   method getStatus()
  location: variable user of type com.ceylonmango.model.User
[ERROR] /E:/mango/backend/src/main/java/com/ceylonmango/dto/UserDto.java:[28,31] cannot find symbol
  symbol:   method getCreatedAt()
  location: variable user of type com.ceylonmango.model.User
[ERROR] /E:/mango/backend/src/main/java/com/ceylonmango/dto/UserDto.java:[28,61] cannot find symbol
  symbol:   method getCreatedAt()
  location: variable user of type com.ceylonmango.model.User
[ERROR] /E:/mango/backend/src/main/java/com/ceylonmango/dto/UserDto.java:[34,12] cannot find symbol
  symbol:   method setOrders(int)
  location: variable dto of type com.ceylonmango.dto.UserDto
[ERROR] /E:/mango/backend/src/main/java/com/ceylonmango/dto/UserDto.java:[35,12] cannot find symbol
  symbol:   method setTotalSpent(double)
  location: variable dto of type com.ceylonmango.dto.UserDto
[ERROR] /E:/mango/backend/src/main/java/com/ceylonmango/service/WishlistService.java:[25,52] cannot find symbol
  symbol:   method getId()
  location: variable user of type com.ceylonmango.model.User
[ERROR] /E:/mango/backend/src/main/java/com/ceylonmango/service/WishlistService.java:[33,63] cannot find symbol
  symbol:   method getId()
  location: variable user of type com.ceylonmango.model.User
[ERROR] /E:/mango/backend/src/main/java/com/ceylonmango/service/WishlistService.java:[40,41] cannot find symbol
  symbol:   method builder()
  location: class com.ceylonmango.model.WishlistItem
[ERROR] /E:/mango/backend/src/main/java/com/ceylonmango/service/WishlistService.java:[52,59] cannot find symbol
  symbol:   method getId()
  location: variable user of type com.ceylonmango.model.User
[ERROR] /E:/mango/backend/src/main/java/com/ceylonmango/dto/WishlistDto.java:[12,27] cannot find symbol
  symbol:   method builder()
  location: class com.ceylonmango.dto.WishlistDto
[ERROR] /E:/mango/backend/src/main/java/com/ceylonmango/dto/WishlistDto.java:[13,25] cannot find symbol
  symbol:   method getId()
  location: variable item of type com.ceylonmango.model.WishlistItem
[ERROR] /E:/mango/backend/src/main/java/com/ceylonmango/dto/WishlistDto.java:[14,52] cannot find symbol
  symbol:   method getProduct()
  location: variable item of type com.ceylonmango.model.WishlistItem
[ERROR] /E:/mango/backend/src/main/java/com/ceylonmango/dto/ProductDto.java:[27,26] cannot find symbol
  symbol:   method builder()
  location: class com.ceylonmango.dto.ProductDto
[ERROR] /E:/mango/backend/src/main/java/com/ceylonmango/dto/ProductDto.java:[28,43] cannot find symbol
  symbol:   method getId()
  location: variable product of type com.ceylonmango.model.Product
[ERROR] /E:/mango/backend/src/main/java/com/ceylonmango/dto/ProductDto.java:[29,30] cannot find symbol
  symbol:   method getName()
  location: variable product of type com.ceylonmango.model.Product
[ERROR] /E:/mango/backend/src/main/java/com/ceylonmango/dto/ProductDto.java:[30,37] cannot find symbol
  symbol:   method getDescription()
  location: variable product of type com.ceylonmango.model.Product
[ERROR] /E:/mango/backend/src/main/java/com/ceylonmango/dto/ProductDto.java:[31,31] cannot find symbol
  symbol:   method getPrice()
  location: variable product of type com.ceylonmango.model.Product
[ERROR] /E:/mango/backend/src/main/java/com/ceylonmango/dto/ProductDto.java:[31,60] cannot find symbol
  symbol:   method getPrice()
  location: variable product of type com.ceylonmango.model.Product
[ERROR] /E:/mango/backend/src/main/java/com/ceylonmango/dto/ProductDto.java:[32,39] cannot find symbol
  symbol:   method getOriginalPrice()
  location: variable product of type com.ceylonmango.model.Product
[ERROR] /E:/mango/backend/src/main/java/com/ceylonmango/dto/ProductDto.java:[32,76] cannot find symbol
  symbol:   method getOriginalPrice()
  location: variable product of type com.ceylonmango.model.Product
[ERROR] /E:/mango/backend/src/main/java/com/ceylonmango/dto/ProductDto.java:[33,31] cannot find symbol
  symbol:   method getImageUrl()
  location: variable product of type com.ceylonmango.model.Product
[ERROR] /E:/mango/backend/src/main/java/com/ceylonmango/dto/ProductDto.java:[34,32] cannot find symbol
  symbol:   method getImages()
  location: variable product of type com.ceylonmango.model.Product
[ERROR] /E:/mango/backend/src/main/java/com/ceylonmango/dto/ProductDto.java:[35,34] cannot find symbol
  symbol:   method getCategory()
  location: variable product of type com.ceylonmango.model.Product
[ERROR] /E:/mango/backend/src/main/java/com/ceylonmango/dto/ProductDto.java:[36,32] cannot find symbol
  symbol:   method getWeight()
  location: variable product of type com.ceylonmango.model.Product
[ERROR] /E:/mango/backend/src/main/java/com/ceylonmango/dto/ProductDto.java:[37,31] cannot find symbol
  symbol:   method getStock()
  location: variable product of type com.ceylonmango.model.Product
[ERROR] /E:/mango/backend/src/main/java/com/ceylonmango/dto/ProductDto.java:[38,33] cannot find symbol
  symbol:   method getInStock()
  location: variable product of type com.ceylonmango.model.Product
[ERROR] /E:/mango/backend/src/main/java/com/ceylonmango/dto/ProductDto.java:[39,34] cannot find symbol
  symbol:   method getFeatured()
  location: variable product of type com.ceylonmango.model.Product
[ERROR] /E:/mango/backend/src/main/java/com/ceylonmango/dto/ProductDto.java:[40,32] cannot find symbol
  symbol:   method getRating()
  location: variable product of type com.ceylonmango.model.Product
[ERROR] /E:/mango/backend/src/main/java/com/ceylonmango/dto/ProductDto.java:[41,33] cannot find symbol
  symbol:   method getReviews()
  location: variable product of type com.ceylonmango.model.Product
[ERROR] /E:/mango/backend/src/main/java/com/ceylonmango/dto/ProductDto.java:[42,31] cannot find symbol
  symbol:   method getSales()
  location: variable product of type com.ceylonmango.model.Product
[ERROR] /E:/mango/backend/src/main/java/com/ceylonmango/dto/ApiResponse.java:[11,16] constructor ApiResponse in class com.ceylonmango.dto.ApiResponse cannot be applied to given types;
  required: no arguments
  found:    boolean,java.lang.String
  reason: actual and formal argument lists differ in length
[ERROR] /E:/mango/backend/src/main/java/com/ceylonmango/dto/ApiResponse.java:[15,16] constructor ApiResponse in class com.ceylonmango.dto.ApiResponse cannot be applied to given types;
  required: no arguments
  found:    boolean,java.lang.String
  reason: actual and formal argument lists differ in length
[ERROR] /E:/mango/backend/src/main/java/com/ceylonmango/dto/OrderDto.java:[24,57] cannot find symbol
  symbol:   method getId()
  location: variable order of type com.ceylonmango.model.Order
[ERROR] /E:/mango/backend/src/main/java/com/ceylonmango/dto/OrderDto.java:[26,24] cannot find symbol
  symbol:   method builder()
  location: class com.ceylonmango.dto.OrderDto
[ERROR] /E:/mango/backend/src/main/java/com/ceylonmango/dto/OrderDto.java:[28,28] cannot find symbol
  symbol:   method getCreatedAt()
  location: variable order of type com.ceylonmango.model.Order
[ERROR] /E:/mango/backend/src/main/java/com/ceylonmango/dto/OrderDto.java:[28,59] cannot find symbol
  symbol:   method getCreatedAt()
  location: variable order of type com.ceylonmango.model.Order
[ERROR] /E:/mango/backend/src/main/java/com/ceylonmango/dto/OrderDto.java:[29,30] cannot find symbol
  symbol:   method getStatus()
  location: variable order of type com.ceylonmango.model.Order
[ERROR] /E:/mango/backend/src/main/java/com/ceylonmango/dto/OrderDto.java:[30,29] cannot find symbol
  symbol:   method getItems()
  location: variable order of type com.ceylonmango.model.Order
[ERROR] /E:/mango/backend/src/main/java/com/ceylonmango/dto/OrderDto.java:[31,29] cannot find symbol
  symbol:   method getTotalPrice()
  location: variable order of type com.ceylonmango.model.Order
[ERROR] /E:/mango/backend/src/main/java/com/ceylonmango/dto/OrderDto.java:[31,61] cannot find symbol
  symbol:   method getTotalPrice()
  location: variable order of type com.ceylonmango.model.Order
[ERROR] /E:/mango/backend/src/main/java/com/ceylonmango/dto/OrderDto.java:[32,39] cannot find symbol
  symbol:   method getShippingAddress()
  location: variable order of type com.ceylonmango.model.Order
[ERROR] /E:/mango/backend/src/main/java/com/ceylonmango/dto/OrderDto.java:[33,37] cannot find symbol
  symbol:   method getPaymentMethod()
  location: variable order of type com.ceylonmango.model.Order
[ERROR] /E:/mango/backend/src/main/java/com/ceylonmango/dto/OrderDto.java:[34,36] cannot find symbol
  symbol:   method getUser()
  location: variable order of type com.ceylonmango.model.Order
[ERROR] /E:/mango/backend/src/main/java/com/ceylonmango/dto/OrderDto.java:[34,62] cannot find symbol
  symbol:   method getUser()
  location: variable order of type com.ceylonmango.model.Order
[ERROR] /E:/mango/backend/src/main/java/com/ceylonmango/dto/OrderDto.java:[35,37] cannot find symbol
  symbol:   method getUser()
  location: variable order of type com.ceylonmango.model.Order
[ERROR] /E:/mango/backend/src/main/java/com/ceylonmango/dto/OrderDto.java:[35,63] cannot find symbol
  symbol:   method getUser()
  location: variable order of type com.ceylonmango.model.Order
[ERROR] /E:/mango/backend/src/main/java/com/ceylonmango/dto/OrderDto.java:[48,32] cannot find symbol
  symbol:   method builder()
  location: class com.ceylonmango.dto.OrderDto.OrderItemDto
[ERROR] /E:/mango/backend/src/main/java/com/ceylonmango/dto/OrderDto.java:[49,51] cannot find symbol
  symbol:   method getProduct()
  location: variable item of type com.ceylonmango.model.OrderItem
[ERROR] /E:/mango/backend/src/main/java/com/ceylonmango/dto/OrderDto.java:[50,31] cannot find symbol
  symbol:   method getProductName()
  location: variable item of type com.ceylonmango.model.OrderItem
[ERROR] /E:/mango/backend/src/main/java/com/ceylonmango/dto/OrderDto.java:[51,32] cannot find symbol
  symbol:   method getPrice()
  location: variable item of type com.ceylonmango.model.OrderItem
[ERROR] /E:/mango/backend/src/main/java/com/ceylonmango/dto/OrderDto.java:[51,58] cannot find symbol
  symbol:   method getPrice()
  location: variable item of type com.ceylonmango.model.OrderItem
[ERROR] /E:/mango/backend/src/main/java/com/ceylonmango/dto/OrderDto.java:[52,35] cannot find symbol
  symbol:   method getQuantity()
  location: variable item of type com.ceylonmango.model.OrderItem
[ERROR] /E:/mango/backend/src/main/java/com/ceylonmango/dto/OrderDto.java:[53,32] cannot find symbol
  symbol:   method getProductImage()
  location: variable item of type com.ceylonmango.model.OrderItem
[ERROR] /E:/mango/backend/src/main/java/com/ceylonmango/service/OrderService.java:[26,72] cannot find symbol
  symbol:   method getId()
  location: variable user of type com.ceylonmango.model.User
[ERROR] /E:/mango/backend/src/main/java/com/ceylonmango/service/OrderService.java:[34,34] cannot find symbol
  symbol:   method getProduct()
  location: variable item of type com.ceylonmango.model.CartItem
[ERROR] /E:/mango/backend/src/main/java/com/ceylonmango/service/OrderService.java:[35,58] cannot find symbol
  symbol:   method getQuantity()
  location: variable item of type com.ceylonmango.model.CartItem
[ERROR] /E:/mango/backend/src/main/java/com/ceylonmango/service/OrderService.java:[36,42] incompatible types: invalid method reference
    incompatible types: java.lang.Object cannot be converted to java.math.BigDecimal
[ERROR] /E:/mango/backend/src/main/java/com/ceylonmango/service/OrderService.java:[39,28] cannot find symbol
  symbol:   method builder()
  location: class com.ceylonmango.model.Order
[ERROR] /E:/mango/backend/src/main/java/com/ceylonmango/service/OrderService.java:[43,41] cannot find symbol
  symbol:   method getShippingAddress()
  location: variable request of type com.ceylonmango.dto.OrderRequest
[ERROR] /E:/mango/backend/src/main/java/com/ceylonmango/service/OrderService.java:[44,39] cannot find symbol
  symbol:   method getPaymentMethod()
  location: variable request of type com.ceylonmango.dto.OrderRequest
[ERROR] /E:/mango/backend/src/main/java/com/ceylonmango/service/OrderService.java:[49,39] cannot find symbol
  symbol:   method getProduct()
  location: variable cartItem of type com.ceylonmango.model.CartItem
[ERROR] /E:/mango/backend/src/main/java/com/ceylonmango/service/OrderService.java:[50,29] cannot find symbol
  symbol:   method builder()
  location: class com.ceylonmango.model.OrderItem
[ERROR] /E:/mango/backend/src/main/java/com/ceylonmango/service/OrderService.java:[53,39] cannot find symbol
  symbol:   method getQuantity()
  location: variable cartItem of type com.ceylonmango.model.CartItem
[ERROR] /E:/mango/backend/src/main/java/com/ceylonmango/service/OrderService.java:[54,35] cannot find symbol
  symbol:   method getPrice()
  location: variable product of type com.ceylonmango.model.Product
[ERROR] /E:/mango/backend/src/main/java/com/ceylonmango/service/OrderService.java:[55,41] cannot find symbol
  symbol:   method getName()
  location: variable product of type com.ceylonmango.model.Product
[ERROR] /E:/mango/backend/src/main/java/com/ceylonmango/service/OrderService.java:[56,42] cannot find symbol
  symbol:   method getImageUrl()
  location: variable product of type com.ceylonmango.model.Product
[ERROR] /E:/mango/backend/src/main/java/com/ceylonmango/service/OrderService.java:[58,18] incompatible types: java.util.List<java.lang.Object> cannot be converted to java.util.List<com.ceylonmango.model.OrderItem>
[ERROR] /E:/mango/backend/src/main/java/com/ceylonmango/service/OrderService.java:[60,14] cannot find symbol
  symbol:   method setItems(java.util.List<com.ceylonmango.model.OrderItem>)
  location: variable order of type com.ceylonmango.model.Order
[ERROR] /E:/mango/backend/src/main/java/com/ceylonmango/service/OrderService.java:[64,47] cannot find symbol
  symbol:   method getId()
  location: variable user of type com.ceylonmango.model.User
[ERROR] /E:/mango/backend/src/main/java/com/ceylonmango/service/OrderService.java:[71,69] cannot find symbol
  symbol:   method getId()
  location: variable user of type com.ceylonmango.model.User
[ERROR] /E:/mango/backend/src/main/java/com/ceylonmango/service/OrderService.java:[88,18] cannot find symbol
  symbol:   method setStatus(com.ceylonmango.model.Order.OrderStatus)
  location: variable order of type com.ceylonmango.model.Order
[INFO] 100 errors 
[INFO] -------------------------------------------------------------
[INFO] ------------------------------------------------------------------------
[INFO] BUILD FAILURE
[INFO] ------------------------------------------------------------------------
[INFO] Total time:  2.961 s
[INFO] Finished at: 2026-04-01T02:30:50+05:30
[INFO] ------------------------------------------------------------------------
[ERROR] Failed to execute goal org.apache.maven.plugins:maven-compiler-plugin:3.11.0:compile (default-compile) on project ceylon-mango-backend: Compilation failure: Compilation failure: 
[ERROR] /E:/mango/backend/src/main/java/com/ceylonmango/security/JwtAuthenticationFilter.java:[22,36] variable tokenProvider not initialized in the default constructor
[ERROR] /E:/mango/backend/src/main/java/com/ceylonmango/security/JwtAuthenticationFilter.java:[23,44] variable userDetailsService not initialized in the default constructor
[ERROR] /E:/mango/backend/src/main/java/com/ceylonmango/security/CustomUserDetailsService.java:[24,21] cannot find symbol
[ERROR]   symbol:   method getEmail()
[ERROR]   location: variable user of type com.ceylonmango.model.User
[ERROR] /E:/mango/backend/src/main/java/com/ceylonmango/security/CustomUserDetailsService.java:[25,21] cannot find symbol
[ERROR]   symbol:   method getPassword()
[ERROR]   location: variable user of type com.ceylonmango.model.User
[ERROR] /E:/mango/backend/src/main/java/com/ceylonmango/security/CustomUserDetailsService.java:[27,66] cannot find symbol
[ERROR]   symbol:   method getRole()
[ERROR]   location: variable user of type com.ceylonmango.model.User
[ERROR] /E:/mango/backend/src/main/java/com/ceylonmango/service/AuthService.java:[24,49] cannot find symbol
[ERROR]   symbol:   method getEmail()
[ERROR]   location: variable request of type com.ceylonmango.dto.RegisterRequest
[ERROR] /E:/mango/backend/src/main/java/com/ceylonmango/service/AuthService.java:[28,25] cannot find symbol
[ERROR]   symbol:   method builder()
[ERROR]   location: class com.ceylonmango.model.User
[ERROR] /E:/mango/backend/src/main/java/com/ceylonmango/service/AuthService.java:[29,30] cannot find symbol
[ERROR]   symbol:   method getName()
[ERROR]   location: variable request of type com.ceylonmango.dto.RegisterRequest
[ERROR] /E:/mango/backend/src/main/java/com/ceylonmango/service/AuthService.java:[30,31] cannot find symbol
[ERROR]   symbol:   method getEmail()
[ERROR]   location: variable request of type com.ceylonmango.dto.RegisterRequest
[ERROR] /E:/mango/backend/src/main/java/com/ceylonmango/service/AuthService.java:[31,57] cannot find symbol
[ERROR]   symbol:   method getPassword()
[ERROR]   location: variable request of type com.ceylonmango.dto.RegisterRequest
[ERROR] /E:/mango/backend/src/main/java/com/ceylonmango/service/AuthService.java:[37,65] cannot find symbol
[ERROR]   symbol:   method getEmail()
[ERROR]   location: variable user of type com.ceylonmango.model.User
[ERROR] /E:/mango/backend/src/main/java/com/ceylonmango/service/AuthService.java:[44,32] cannot find symbol
[ERROR]   symbol:   method getEmail()
[ERROR]   location: variable request of type com.ceylonmango.dto.AuthRequest
[ERROR] /E:/mango/backend/src/main/java/com/ceylonmango/service/AuthService.java:[44,52] cannot find symbol
[ERROR]   symbol:   method getPassword()
[ERROR]   location: variable request of type com.ceylonmango.dto.AuthRequest
[ERROR] /E:/mango/backend/src/main/java/com/ceylonmango/service/AuthService.java:[51,55] cannot find symbol
[ERROR]   symbol:   method getEmail()
[ERROR]   location: variable request of type com.ceylonmango.dto.AuthRequest
[ERROR] /E:/mango/backend/src/main/java/com/ceylonmango/service/AuthService.java:[60,55] cannot find symbol
[ERROR]   symbol:   method getEmail()
[ERROR]   location: variable request of type com.ceylonmango.dto.AuthRequest
[ERROR] /E:/mango/backend/src/main/java/com/ceylonmango/service/AuthService.java:[63,17] cannot find symbol
[ERROR]   symbol:   method getRole()
[ERROR]   location: variable user of type com.ceylonmango.model.User
[ERROR] /E:/mango/backend/src/main/java/com/ceylonmango/service/AuthService.java:[79,20] cannot find symbol
[ERROR]   symbol:   method getName()
[ERROR]   location: variable request of type com.ceylonmango.dto.UpdateProfileRequest
[ERROR] /E:/mango/backend/src/main/java/com/ceylonmango/service/AuthService.java:[79,60] cannot find symbol
[ERROR]   symbol:   method getName()
[ERROR]   location: variable request of type com.ceylonmango.dto.UpdateProfileRequest
[ERROR] /E:/mango/backend/src/main/java/com/ceylonmango/service/AuthService.java:[80,20] cannot find symbol
[ERROR]   symbol:   method getPhone()
[ERROR]   location: variable request of type com.ceylonmango.dto.UpdateProfileRequest
[ERROR] /E:/mango/backend/src/main/java/com/ceylonmango/service/AuthService.java:[80,62] cannot find symbol
[ERROR]   symbol:   method getPhone()
[ERROR]   location: variable request of type com.ceylonmango.dto.UpdateProfileRequest
[ERROR] /E:/mango/backend/src/main/java/com/ceylonmango/service/AuthService.java:[81,20] cannot find symbol
[ERROR]   symbol:   method getAddress()
[ERROR]   location: variable request of type com.ceylonmango.dto.UpdateProfileRequest
[ERROR] /E:/mango/backend/src/main/java/com/ceylonmango/service/AuthService.java:[81,66] cannot find symbol
[ERROR]   symbol:   method getAddress()
[ERROR]   location: variable request of type com.ceylonmango.dto.UpdateProfileRequest
[ERROR] /E:/mango/backend/src/main/java/com/ceylonmango/dto/UserDto.java:[20,23] cannot find symbol
[ERROR]   symbol:   method builder()
[ERROR]   location: class com.ceylonmango.dto.UserDto
[ERROR] /E:/mango/backend/src/main/java/com/ceylonmango/dto/UserDto.java:[21,25] cannot find symbol
[ERROR]   symbol:   method getId()
[ERROR]   location: variable user of type com.ceylonmango.model.User
[ERROR] /E:/mango/backend/src/main/java/com/ceylonmango/dto/UserDto.java:[22,27] cannot find symbol
[ERROR]   symbol:   method getName()
[ERROR]   location: variable user of type com.ceylonmango.model.User
[ERROR] /E:/mango/backend/src/main/java/com/ceylonmango/dto/UserDto.java:[23,28] cannot find symbol
[ERROR]   symbol:   method getEmail()
[ERROR]   location: variable user of type com.ceylonmango.model.User
[ERROR] /E:/mango/backend/src/main/java/com/ceylonmango/dto/UserDto.java:[24,27] cannot find symbol
[ERROR]   symbol:   method getRole()
[ERROR]   location: variable user of type com.ceylonmango.model.User
[ERROR] /E:/mango/backend/src/main/java/com/ceylonmango/dto/UserDto.java:[25,28] cannot find symbol
[ERROR]   symbol:   method getPhone()
[ERROR]   location: variable user of type com.ceylonmango.model.User
[ERROR] /E:/mango/backend/src/main/java/com/ceylonmango/dto/UserDto.java:[26,30] cannot find symbol
[ERROR]   symbol:   method getAddress()
[ERROR]   location: variable user of type com.ceylonmango.model.User
[ERROR] /E:/mango/backend/src/main/java/com/ceylonmango/dto/UserDto.java:[27,29] cannot find symbol
[ERROR]   symbol:   method getStatus()
[ERROR]   location: variable user of type com.ceylonmango.model.User
[ERROR] /E:/mango/backend/src/main/java/com/ceylonmango/dto/UserDto.java:[28,31] cannot find symbol
[ERROR]   symbol:   method getCreatedAt()
[ERROR]   location: variable user of type com.ceylonmango.model.User
[ERROR] /E:/mango/backend/src/main/java/com/ceylonmango/dto/UserDto.java:[28,61] cannot find symbol
[ERROR]   symbol:   method getCreatedAt()
[ERROR]   location: variable user of type com.ceylonmango.model.User
[ERROR] /E:/mango/backend/src/main/java/com/ceylonmango/dto/UserDto.java:[34,12] cannot find symbol
[ERROR]   symbol:   method setOrders(int)
[ERROR]   location: variable dto of type com.ceylonmango.dto.UserDto
[ERROR] /E:/mango/backend/src/main/java/com/ceylonmango/dto/UserDto.java:[35,12] cannot find symbol
[ERROR]   symbol:   method setTotalSpent(double)
[ERROR]   location: variable dto of type com.ceylonmango.dto.UserDto
[ERROR] /E:/mango/backend/src/main/java/com/ceylonmango/service/WishlistService.java:[25,52] cannot find symbol
[ERROR]   symbol:   method getId()
[ERROR]   location: variable user of type com.ceylonmango.model.User
[ERROR] /E:/mango/backend/src/main/java/com/ceylonmango/service/WishlistService.java:[33,63] cannot find symbol
[ERROR]   symbol:   method getId()
[ERROR]   location: variable user of type com.ceylonmango.model.User
[ERROR] /E:/mango/backend/src/main/java/com/ceylonmango/service/WishlistService.java:[40,41] cannot find symbol
[ERROR]   symbol:   method builder()
[ERROR]   location: class com.ceylonmango.model.WishlistItem
[ERROR] /E:/mango/backend/src/main/java/com/ceylonmango/service/WishlistService.java:[52,59] cannot find symbol
[ERROR]   symbol:   method getId()
[ERROR]   location: variable user of type com.ceylonmango.model.User
[ERROR] /E:/mango/backend/src/main/java/com/ceylonmango/dto/WishlistDto.java:[12,27] cannot find symbol
[ERROR]   symbol:   method builder()
[ERROR]   location: class com.ceylonmango.dto.WishlistDto
[ERROR] /E:/mango/backend/src/main/java/com/ceylonmango/dto/WishlistDto.java:[13,25] cannot find symbol
[ERROR]   symbol:   method getId()
[ERROR]   location: variable item of type com.ceylonmango.model.WishlistItem
[ERROR] /E:/mango/backend/src/main/java/com/ceylonmango/dto/WishlistDto.java:[14,52] cannot find symbol
[ERROR]   symbol:   method getProduct()
[ERROR]   location: variable item of type com.ceylonmango.model.WishlistItem
[ERROR] /E:/mango/backend/src/main/java/com/ceylonmango/dto/ProductDto.java:[27,26] cannot find symbol
[ERROR]   symbol:   method builder()
[ERROR]   location: class com.ceylonmango.dto.ProductDto
[ERROR] /E:/mango/backend/src/main/java/com/ceylonmango/dto/ProductDto.java:[28,43] cannot find symbol
[ERROR]   symbol:   method getId()
[ERROR]   location: variable product of type com.ceylonmango.model.Product
[ERROR] /E:/mango/backend/src/main/java/com/ceylonmango/dto/ProductDto.java:[29,30] cannot find symbol
[ERROR]   symbol:   method getName()
[ERROR]   location: variable product of type com.ceylonmango.model.Product
[ERROR] /E:/mango/backend/src/main/java/com/ceylonmango/dto/ProductDto.java:[30,37] cannot find symbol
[ERROR]   symbol:   method getDescription()
[ERROR]   location: variable product of type com.ceylonmango.model.Product
[ERROR] /E:/mango/backend/src/main/java/com/ceylonmango/dto/ProductDto.java:[31,31] cannot find symbol
[ERROR]   symbol:   method getPrice()
[ERROR]   location: variable product of type com.ceylonmango.model.Product
[ERROR] /E:/mango/backend/src/main/java/com/ceylonmango/dto/ProductDto.java:[31,60] cannot find symbol
[ERROR]   symbol:   method getPrice()
[ERROR]   location: variable product of type com.ceylonmango.model.Product
[ERROR] /E:/mango/backend/src/main/java/com/ceylonmango/dto/ProductDto.java:[32,39] cannot find symbol
[ERROR]   symbol:   method getOriginalPrice()
[ERROR]   location: variable product of type com.ceylonmango.model.Product
[ERROR] /E:/mango/backend/src/main/java/com/ceylonmango/dto/ProductDto.java:[32,76] cannot find symbol
[ERROR]   symbol:   method getOriginalPrice()
[ERROR]   location: variable product of type com.ceylonmango.model.Product
[ERROR] /E:/mango/backend/src/main/java/com/ceylonmango/dto/ProductDto.java:[33,31] cannot find symbol
[ERROR]   symbol:   method getImageUrl()
[ERROR]   location: variable product of type com.ceylonmango.model.Product
[ERROR] /E:/mango/backend/src/main/java/com/ceylonmango/dto/ProductDto.java:[34,32] cannot find symbol
[ERROR]   symbol:   method getImages()
[ERROR]   location: variable product of type com.ceylonmango.model.Product
[ERROR] /E:/mango/backend/src/main/java/com/ceylonmango/dto/ProductDto.java:[35,34] cannot find symbol
[ERROR]   symbol:   method getCategory()
[ERROR]   location: variable product of type com.ceylonmango.model.Product
[ERROR] /E:/mango/backend/src/main/java/com/ceylonmango/dto/ProductDto.java:[36,32] cannot find symbol
[ERROR]   symbol:   method getWeight()
[ERROR]   location: variable product of type com.ceylonmango.model.Product
[ERROR] /E:/mango/backend/src/main/java/com/ceylonmango/dto/ProductDto.java:[37,31] cannot find symbol
[ERROR]   symbol:   method getStock()
[ERROR]   location: variable product of type com.ceylonmango.model.Product
[ERROR] /E:/mango/backend/src/main/java/com/ceylonmango/dto/ProductDto.java:[38,33] cannot find symbol
[ERROR]   symbol:   method getInStock()
[ERROR]   location: variable product of type com.ceylonmango.model.Product
[ERROR] /E:/mango/backend/src/main/java/com/ceylonmango/dto/ProductDto.java:[39,34] cannot find symbol
[ERROR]   symbol:   method getFeatured()
[ERROR]   location: variable product of type com.ceylonmango.model.Product
[ERROR] /E:/mango/backend/src/main/java/com/ceylonmango/dto/ProductDto.java:[40,32] cannot find symbol
[ERROR]   symbol:   method getRating()
[ERROR]   location: variable product of type com.ceylonmango.model.Product
[ERROR] /E:/mango/backend/src/main/java/com/ceylonmango/dto/ProductDto.java:[41,33] cannot find symbol
[ERROR]   symbol:   method getReviews()
[ERROR]   location: variable product of type com.ceylonmango.model.Product
[ERROR] /E:/mango/backend/src/main/java/com/ceylonmango/dto/ProductDto.java:[42,31] cannot find symbol
[ERROR]   symbol:   method getSales()
[ERROR]   location: variable product of type com.ceylonmango.model.Product
[ERROR] /E:/mango/backend/src/main/java/com/ceylonmango/dto/ApiResponse.java:[11,16] constructor ApiResponse in class com.ceylonmango.dto.ApiResponse cannot be applied to given types;
[ERROR]   required: no arguments
[ERROR]   found:    boolean,java.lang.String
[ERROR]   reason: actual and formal argument lists differ in length
[ERROR] /E:/mango/backend/src/main/java/com/ceylonmango/dto/ApiResponse.java:[15,16] constructor ApiResponse in class com.ceylonmango.dto.ApiResponse cannot be applied to given types;
[ERROR]   required: no arguments
[ERROR]   found:    boolean,java.lang.String
[ERROR]   reason: actual and formal argument lists differ in length
[ERROR] /E:/mango/backend/src/main/java/com/ceylonmango/dto/OrderDto.java:[24,57] cannot find symbol
[ERROR]   symbol:   method getId()
[ERROR]   location: variable order of type com.ceylonmango.model.Order
[ERROR] /E:/mango/backend/src/main/java/com/ceylonmango/dto/OrderDto.java:[26,24] cannot find symbol
[ERROR]   symbol:   method builder()
[ERROR]   location: class com.ceylonmango.dto.OrderDto
[ERROR] /E:/mango/backend/src/main/java/com/ceylonmango/dto/OrderDto.java:[28,28] cannot find symbol
[ERROR]   symbol:   method getCreatedAt()
[ERROR]   location: variable order of type com.ceylonmango.model.Order
[ERROR] /E:/mango/backend/src/main/java/com/ceylonmango/dto/OrderDto.java:[28,59] cannot find symbol
[ERROR]   symbol:   method getCreatedAt()
[ERROR]   location: variable order of type com.ceylonmango.model.Order
[ERROR] /E:/mango/backend/src/main/java/com/ceylonmango/dto/OrderDto.java:[29,30] cannot find symbol
[ERROR]   symbol:   method getStatus()
[ERROR]   location: variable order of type com.ceylonmango.model.Order
[ERROR] /E:/mango/backend/src/main/java/com/ceylonmango/dto/OrderDto.java:[30,29] cannot find symbol
[ERROR]   symbol:   method getItems()
[ERROR]   location: variable order of type com.ceylonmango.model.Order
[ERROR] /E:/mango/backend/src/main/java/com/ceylonmango/dto/OrderDto.java:[31,29] cannot find symbol
[ERROR]   symbol:   method getTotalPrice()
[ERROR]   location: variable order of type com.ceylonmango.model.Order
[ERROR] /E:/mango/backend/src/main/java/com/ceylonmango/dto/OrderDto.java:[31,61] cannot find symbol
[ERROR]   symbol:   method getTotalPrice()
[ERROR]   location: variable order of type com.ceylonmango.model.Order
[ERROR] /E:/mango/backend/src/main/java/com/ceylonmango/dto/OrderDto.java:[32,39] cannot find symbol
[ERROR]   symbol:   method getShippingAddress()
[ERROR]   location: variable order of type com.ceylonmango.model.Order
[ERROR] /E:/mango/backend/src/main/java/com/ceylonmango/dto/OrderDto.java:[33,37] cannot find symbol
[ERROR]   symbol:   method getPaymentMethod()
[ERROR]   location: variable order of type com.ceylonmango.model.Order
[ERROR] /E:/mango/backend/src/main/java/com/ceylonmango/dto/OrderDto.java:[34,36] cannot find symbol
[ERROR]   symbol:   method getUser()
[ERROR]   location: variable order of type com.ceylonmango.model.Order
[ERROR] /E:/mango/backend/src/main/java/com/ceylonmango/dto/OrderDto.java:[34,62] cannot find symbol
[ERROR]   symbol:   method getUser()
[ERROR]   location: variable order of type com.ceylonmango.model.Order
[ERROR] /E:/mango/backend/src/main/java/com/ceylonmango/dto/OrderDto.java:[35,37] cannot find symbol
[ERROR]   symbol:   method getUser()
[ERROR]   location: variable order of type com.ceylonmango.model.Order
[ERROR] /E:/mango/backend/src/main/java/com/ceylonmango/dto/OrderDto.java:[35,63] cannot find symbol
[ERROR]   symbol:   method getUser()
[ERROR]   location: variable order of type com.ceylonmango.model.Order
[ERROR] /E:/mango/backend/src/main/java/com/ceylonmango/dto/OrderDto.java:[48,32] cannot find symbol
[ERROR]   symbol:   method builder()
[ERROR]   location: class com.ceylonmango.dto.OrderDto.OrderItemDto
[ERROR] /E:/mango/backend/src/main/java/com/ceylonmango/dto/OrderDto.java:[49,51] cannot find symbol
[ERROR]   symbol:   method getProduct()
[ERROR]   location: variable item of type com.ceylonmango.model.OrderItem
[ERROR] /E:/mango/backend/src/main/java/com/ceylonmango/dto/OrderDto.java:[50,31] cannot find symbol
[ERROR]   symbol:   method getProductName()
[ERROR]   location: variable item of type com.ceylonmango.model.OrderItem
[ERROR] /E:/mango/backend/src/main/java/com/ceylonmango/dto/OrderDto.java:[51,32] cannot find symbol
[ERROR]   symbol:   method getPrice()
[ERROR]   location: variable item of type com.ceylonmango.model.OrderItem
[ERROR] /E:/mango/backend/src/main/java/com/ceylonmango/dto/OrderDto.java:[51,58] cannot find symbol
[ERROR]   symbol:   method getPrice()
[ERROR]   location: variable item of type com.ceylonmango.model.OrderItem
[ERROR] /E:/mango/backend/src/main/java/com/ceylonmango/dto/OrderDto.java:[52,35] cannot find symbol
[ERROR]   symbol:   method getQuantity()
[ERROR]   location: variable item of type com.ceylonmango.model.OrderItem
[ERROR] /E:/mango/backend/src/main/java/com/ceylonmango/dto/OrderDto.java:[53,32] cannot find symbol
[ERROR]   symbol:   method getProductImage()
[ERROR]   location: variable item of type com.ceylonmango.model.OrderItem
[ERROR] /E:/mango/backend/src/main/java/com/ceylonmango/service/OrderService.java:[26,72] cannot find symbol
[ERROR]   symbol:   method getId()
[ERROR]   location: variable user of type com.ceylonmango.model.User
[ERROR] /E:/mango/backend/src/main/java/com/ceylonmango/service/OrderService.java:[34,34] cannot find symbol
[ERROR]   symbol:   method getProduct()
[ERROR]   location: variable item of type com.ceylonmango.model.CartItem
[ERROR] /E:/mango/backend/src/main/java/com/ceylonmango/service/OrderService.java:[35,58] cannot find symbol
[ERROR]   symbol:   method getQuantity()
[ERROR]   location: variable item of type com.ceylonmango.model.CartItem
[ERROR] /E:/mango/backend/src/main/java/com/ceylonmango/service/OrderService.java:[36,42] incompatible types: invalid method reference
[ERROR]     incompatible types: java.lang.Object cannot be converted to java.math.BigDecimal
[ERROR] /E:/mango/backend/src/main/java/com/ceylonmango/service/OrderService.java:[39,28] cannot find symbol
[ERROR]   symbol:   method builder()
[ERROR]   location: class com.ceylonmango.model.Order
[ERROR] /E:/mango/backend/src/main/java/com/ceylonmango/service/OrderService.java:[43,41] cannot find symbol
[ERROR]   symbol:   method getShippingAddress()
[ERROR]   location: variable request of type com.ceylonmango.dto.OrderRequest
[ERROR] /E:/mango/backend/src/main/java/com/ceylonmango/service/OrderService.java:[44,39] cannot find symbol
[ERROR]   symbol:   method getPaymentMethod()
[ERROR]   location: variable request of type com.ceylonmango.dto.OrderRequest
[ERROR] /E:/mango/backend/src/main/java/com/ceylonmango/service/OrderService.java:[49,39] cannot find symbol
[ERROR]   symbol:   method getProduct()
[ERROR]   location: variable cartItem of type com.ceylonmango.model.CartItem
[ERROR] /E:/mango/backend/src/main/java/com/ceylonmango/service/OrderService.java:[50,29] cannot find symbol
[ERROR]   symbol:   method builder()
[ERROR]   location: class com.ceylonmango.model.OrderItem
[ERROR] /E:/mango/backend/src/main/java/com/ceylonmango/service/OrderService.java:[53,39] cannot find symbol
[ERROR]   symbol:   method getQuantity()
[ERROR]   location: variable cartItem of type com.ceylonmango.model.CartItem
[ERROR] /E:/mango/backend/src/main/java/com/ceylonmango/service/OrderService.java:[54,35] cannot find symbol
[ERROR]   symbol:   method getPrice()
[ERROR]   location: variable product of type com.ceylonmango.model.Product
[ERROR] /E:/mango/backend/src/main/java/com/ceylonmango/service/OrderService.java:[55,41] cannot find symbol
[ERROR]   symbol:   method getName()
[ERROR]   location: variable product of type com.ceylonmango.model.Product
[ERROR] /E:/mango/backend/src/main/java/com/ceylonmango/service/OrderService.java:[56,42] cannot find symbol
[ERROR]   symbol:   method getImageUrl()
[ERROR]   location: variable product of type com.ceylonmango.model.Product
[ERROR] /E:/mango/backend/src/main/java/com/ceylonmango/service/OrderService.java:[58,18] incompatible types: java.util.List<java.lang.Object> cannot be converted to java.util.List<com.ceylonmango.model.OrderItem>
[ERROR] /E:/mango/backend/src/main/java/com/ceylonmango/service/OrderService.java:[60,14] cannot find symbol
[ERROR]   symbol:   method setItems(java.util.List<com.ceylonmango.model.OrderItem>)
[ERROR]   location: variable order of type com.ceylonmango.model.Order
[ERROR] /E:/mango/backend/src/main/java/com/ceylonmango/service/OrderService.java:[64,47] cannot find symbol
[ERROR]   symbol:   method getId()
[ERROR]   location: variable user of type com.ceylonmango.model.User
[ERROR] /E:/mango/backend/src/main/java/com/ceylonmango/service/OrderService.java:[71,69] cannot find symbol
[ERROR]   symbol:   method getId()
[ERROR]   location: variable user of type com.ceylonmango.model.User
[ERROR] /E:/mango/backend/src/main/java/com/ceylonmango/service/OrderService.java:[88,18] cannot find symbol
[ERROR]   symbol:   method setStatus(com.ceylonmango.model.Order.OrderStatus)
[ERROR]   location: variable order of type com.ceylonmango.model.Order
[ERROR] -> [Help 1]
[ERROR] 
[ERROR] To see the full stack trace of the errors, re-run Maven with the -e switch.
[ERROR] Re-run Maven using the -X switch to enable full debug logging.
[ERROR] 
[ERROR] For more information about the errors and possible solutions, please read the following articles:
[ERROR] [Help 1] http://cwiki.apache.org/confluence/display/MAVEN/MojoFailureException
